<?xml version="1.0" encoding="UTF-8"?>
<!-- Generated by org.testng.reporters.JUnitXMLReporter -->
<testsuite ignored="0" hostname="admin-MacBook-Pro" failures="0" tests="1" name="Test" time="3.459" errors="0" timestamp="2025-11-21T13:23:42 IST">
  <testcase classname="com.lambdatest.SmartUISDKPlaywrightCloud" name="@BeforeMethod setup" time="3.442">
    <failure type="com.microsoft.playwright.PlaywrightException" message="Error {
  message=&amp;apos;Unauthorized, either Username or AccessKey is invalid.
  name=&amp;apos;Internal Server Error
  stack=&amp;apos;null
}">
      <![CDATA[com.microsoft.playwright.PlaywrightException: Error {
  message='Unauthorized, either Username or AccessKey is invalid.
  name='Internal Server Error
  stack='null
}
at com.microsoft.playwright.impl.WaitableResult.get(WaitableResult.java:56)
at com.microsoft.playwright.impl.ChannelOwner.runUntil(ChannelOwner.java:132)
at com.microsoft.playwright.impl.Connection.sendMessage(Connection.java:130)
at com.microsoft.playwright.impl.ChannelOwner.sendMessage(ChannelOwner.java:118)
at com.microsoft.playwright.impl.Connection$Root.initialize(Connection.java:86)
at com.microsoft.playwright.impl.Connection.initializePlaywright(Connection.java:181)
at com.microsoft.playwright.impl.BrowserTypeImpl.connectImpl(BrowserTypeImpl.java:89)
at com.microsoft.playwright.impl.BrowserTypeImpl.lambda$connect$1(BrowserTypeImpl.java:60)
at com.microsoft.playwright.impl.LoggingSupport.withLogging(LoggingSupport.java:47)
at com.microsoft.playwright.impl.ChannelOwner.withLogging(ChannelOwner.java:97)
at com.microsoft.playwright.impl.BrowserTypeImpl.connect(BrowserTypeImpl.java:60)
at com.microsoft.playwright.BrowserType.connect(BrowserType.java:1178)
at com.lambdatest.SmartUISDKPlaywrightCloud.setup(SmartUISDKPlaywrightCloud.java:46)
at java.base/java.util.concurrent.Executors$RunnableAdapter.call(Executors.java:539)
at java.base/java.util.concurrent.FutureTask.run(FutureTask.java:264)
at java.base/java.util.concurrent.ThreadPoolExecutor.runWorker(ThreadPoolExecutor.java:1136)
at java.base/java.util.concurrent.ThreadPoolExecutor$Worker.run(ThreadPoolExecutor.java:635)
at java.base/java.lang.Thread.run(Thread.java:840)
Caused by: com.microsoft.playwright.impl.DriverException: Error {
  message='Unauthorized, either Username or AccessKey is invalid.
  name='Internal Server Error
  stack='null
}
at com.microsoft.playwright.impl.Connection.dispatch(Connection.java:259)
at com.microsoft.playwright.impl.Connection.processOneMessage(Connection.java:211)
at com.microsoft.playwright.impl.ChannelOwner.runUntil(ChannelOwner.java:130)
... 33 more
... Removed 17 stack frames]]>
    </failure>
  </testcase> <!-- @BeforeMethod setup -->
  <testcase classname="com.lambdatest.SmartUISDKPlaywrightCloud" name="@AfterMethod tearDown" time="0.0">
    <skipped/>
  </testcase> <!-- @AfterMethod tearDown -->
  <testcase classname="com.lambdatest.SmartUISDKPlaywrightCloud" name="basicTest" time="0.0">
    <skipped/>
  </testcase> <!-- basicTest -->
</testsuite> <!-- Test -->
