<?xml version="1.0" encoding="UTF-8"?>
<!-- Generated by org.testng.reporters.JUnitReportReporter -->
<testsuite hostname="admin-MacBook-Pro" failures="0" tests="2" name="com.lambdatest.SmartUISDKPlaywrightCloud" time="3.442" errors="1" timestamp="2025-11-21T13:23:42 IST" skipped="1">
  <testcase classname="com.lambdatest.SmartUISDKPlaywrightCloud" name="basicTest" time="0.000">
    <skipped/>
  </testcase> <!-- basicTest -->
  <testcase classname="com.lambdatest.SmartUISDKPlaywrightCloud" name="setup" time="3.442">
    <error message="Error {
  message=&#039;Unauthorized, either Username or AccessKey is invalid.
  name=&#039;Internal Server Error
  stack=&#039;null
}" type="com.microsoft.playwright.PlaywrightException">
      <![CDATA[com.microsoft.playwright.PlaywrightException: Error {
  message='Unauthorized, either Username or AccessKey is invalid.
  name='Internal Server Error
  stack='null
}
at com.microsoft.playwright.impl.WaitableResult.get(WaitableResult.java:56)
at com.microsoft.playwright.impl.ChannelOwner.runUntil(ChannelOwner.java:132)
at com.microsoft.playwright.impl.Connection.sendMessage(Connection.java:130)
at com.microsoft.playwright.impl.ChannelOwner.sendMessage(ChannelOwner.java:118)
at com.microsoft.playwright.impl.Connection$Root.initialize(Connection.java:86)
at com.microsoft.playwright.impl.Connection.initializePlaywright(Connection.java:181)
at com.microsoft.playwright.impl.BrowserTypeImpl.connectImpl(BrowserTypeImpl.java:89)
at com.microsoft.playwright.impl.BrowserTypeImpl.lambda$connect$1(BrowserTypeImpl.java:60)
at com.microsoft.playwright.impl.LoggingSupport.withLogging(LoggingSupport.java:47)
at com.microsoft.playwright.impl.ChannelOwner.withLogging(ChannelOwner.java:97)
at com.microsoft.playwright.impl.BrowserTypeImpl.connect(BrowserTypeImpl.java:60)
at com.microsoft.playwright.BrowserType.connect(BrowserType.java:1178)
at com.lambdatest.SmartUISDKPlaywrightCloud.setup(SmartUISDKPlaywrightCloud.java:46)
at java.base/jdk.internal.reflect.NativeMethodAccessorImpl.invoke0(Native Method)
at java.base/jdk.internal.reflect.NativeMethodAccessorImpl.invoke(NativeMethodAccessorImpl.java:77)
at java.base/jdk.internal.reflect.DelegatingMethodAccessorImpl.invoke(DelegatingMethodAccessorImpl.java:43)
at java.base/java.lang.reflect.Method.invoke(Method.java:569)
at org.testng.internal.invokers.MethodInvocationHelper.invokeMethod(MethodInvocationHelper.java:141)
at org.testng.internal.invokers.MethodInvocationHelper.invokeMethodConsideringTimeout(MethodInvocationHelper.java:71)
at org.testng.internal.invokers.ConfigInvoker.invokeConfigurationMethod(ConfigInvoker.java:400)
at org.testng.internal.invokers.ConfigInvoker.invokeConfigurations(ConfigInvoker.java:333)
at org.testng.internal.invokers.TestInvoker.runConfigMethods(TestInvoker.java:833)
at org.testng.internal.invokers.TestInvoker.invokeMethod(TestInvoker.java:600)
at org.testng.internal.invokers.TestInvoker.invokeTestMethod(TestInvoker.java:230)
at org.testng.internal.invokers.MethodRunner.runInSequence(MethodRunner.java:63)
at org.testng.internal.invokers.TestInvoker$MethodInvocationAgent.invoke(TestInvoker.java:992)
at org.testng.internal.invokers.TestInvoker.invokeTestMethods(TestInvoker.java:203)
at org.testng.internal.invokers.TestMethodWorker.invokeTestMethods(TestMethodWorker.java:154)
at org.testng.internal.invokers.TestMethodWorker.run(TestMethodWorker.java:134)
at java.base/java.util.concurrent.Executors$RunnableAdapter.call(Executors.java:539)
at java.base/java.util.concurrent.FutureTask.run(FutureTask.java:264)
at org.testng.internal.thread.graph.TestNGFutureTask.run(TestNGFutureTask.java:22)
at java.base/java.util.concurrent.ThreadPoolExecutor.runWorker(ThreadPoolExecutor.java:1136)
at java.base/java.util.concurrent.ThreadPoolExecutor$Worker.run(ThreadPoolExecutor.java:635)
at java.base/java.lang.Thread.run(Thread.java:840)
Caused by: com.microsoft.playwright.impl.DriverException: Error {
  message='Unauthorized, either Username or AccessKey is invalid.
  name='Internal Server Error
  stack='null
}
at com.microsoft.playwright.impl.Connection.dispatch(Connection.java:259)
at com.microsoft.playwright.impl.Connection.processOneMessage(Connection.java:211)
at com.microsoft.playwright.impl.ChannelOwner.runUntil(ChannelOwner.java:130)
... 33 more
]]>
    </error>
  </testcase> <!-- setup -->
</testsuite> <!-- com.lambdatest.SmartUISDKPlaywrightCloud -->
